TN:
SF:src/config/index.ts
FNF:0
FNH:0
DA:1,1
DA:2,1
DA:5,1
DA:7,1
DA:9,1
LF:5
LH:5
BRDA:5,0,0,1
BRDA:5,0,1,0
BRDA:10,1,0,1
BRDA:10,1,1,0
BRDA:12,2,0,1
BRDA:12,2,1,0
BRDA:13,3,0,1
BRDA:13,3,1,0
BRDA:14,4,0,1
BRDA:14,4,1,0
BRDA:17,5,0,1
BRDA:17,5,1,0
BRDA:18,6,0,1
BRDA:18,6,1,0
BRDA:19,7,0,1
BRDA:19,7,1,0
BRDA:20,8,0,1
BRDA:20,8,1,0
BRDA:21,9,0,1
BRDA:21,9,1,0
BRDA:24,10,0,1
BRDA:24,10,1,0
BRDA:25,11,0,1
BRDA:25,11,1,1
BRDA:26,12,0,1
BRDA:26,12,1,0
BRDA:27,13,0,1
BRDA:27,13,1,1
BRDA:30,14,0,1
BRDA:30,14,1,0
BRDA:33,15,0,1
BRDA:33,15,1,0
BRF:32
BRH:18
end_of_record
TN:
SF:src/services/authService.ts
FN:27,(anonymous_1)
FN:43,(anonymous_2)
FN:60,(anonymous_3)
FN:68,(anonymous_4)
FN:90,(anonymous_5)
FNF:5
FNH:5
FNDA:4,(anonymous_1)
FNDA:1,(anonymous_2)
FNDA:3,(anonymous_3)
FNDA:3,(anonymous_4)
FNDA:2,(anonymous_5)
DA:1,1
DA:2,1
DA:3,1
DA:27,1
DA:28,4
DA:33,4
DA:34,4
DA:37,4
DA:43,1
DA:44,1
DA:45,1
DA:48,1
DA:50,1
DA:60,1
DA:61,3
DA:62,3
DA:68,1
DA:69,3
DA:71,3
DA:74,3
DA:76,3
DA:77,2
DA:81,1
DA:83,0
DA:90,1
DA:91,2
DA:92,2
DA:93,1
LF:28
LH:27
BRDA:27,0,0,1
BRDA:33,1,0,2
BRDA:33,1,1,2
BRDA:34,2,0,2
BRDA:34,2,1,2
BRDA:60,3,0,0
BRDA:61,4,0,2
BRDA:61,4,1,1
BRDA:76,5,0,2
BRDA:76,6,0,3
BRDA:76,6,1,2
BRDA:92,7,0,1
BRF:12
BRH:11
end_of_record
